<?xml version="1.0" encoding="UTF-8"?>
<testsuites name="MAE_TS2" time="87.079" tests="1" failures="0" errors="0">
   <testsuite name="MAE_TS2" tests="1" failures="0" errors="0" time="87.079" skipped="0" timestamp="2023-03-21 18:24:37" hostname="mosaj - localhost" id="Test Suites/TS_MAE/MAE_TS2">
      <properties>
[...]
</properties>
      <testcase name="Test Cases/Mobile TC/MAE Login" time="86.284" classname="Test Cases/Mobile TC/MAE Login" status="PASSED">
         <system-out><![CDATA[2023-03-21 18:24:38 - [TEST_CASE][PASSED] - Test Cases/Mobile TC/MAE Login: Test Cases/Mobile TC/MAE Login

2023-03-21 18:24:39 - [TEST_STEP][NOT_RUN] - startApplication("/users/mosaj/Documents/GitHub/MAE-M2U-TestCloud/MAE.apk", false): NOT_RUN: startApplication("/users/mosaj/Documents/GitHub/MAE-M2U-TestCloud/MAE.apk", false)

2023-03-21 18:24:39 - [MESSAGE][NOT_RUN] - NOT_RUN: startApplication("/users/mosaj/Documents/GitHub/MAE-M2U-TestCloud/MAE.apk", false)

2023-03-21 18:24:39 - [TEST_STEP][PASSED] - startExistingApplication("com.maybank2u.life", CONTINUE_ON_FAILURE): Starting app with application ID: 'com.maybank2u.life'

2023-03-21 18:24:40 - [MESSAGE][INFO] - User set preference: ['appPackage', 'com.maybank2u.life']

2023-03-21 18:24:40 - [MESSAGE][INFO] - User set preference: ['appActivity', 'com.maybank2u.life.MainActivity']

2023-03-21 18:24:40 - [MESSAGE][INFO] - User set preference: ['appWaitActivity', '*']

2023-03-21 18:24:40 - [MESSAGE][INFO] - User set preference: ['noReset', 'true']

2023-03-21 18:24:40 - [MESSAGE][INFO] - User set preference: ['deviceId', 'R5CR704KXSR']

2023-03-21 18:24:40 - [MESSAGE][INFO] - Detected NodeJS location: "/usr/local/bin/node"

2023-03-21 18:24:44 - [MESSAGE][INFO] - Appium server started on port 57,023

2023-03-21 18:25:02 - [MESSAGE][PASSED] - Starting app with application ID: 'com.maybank2u.life'

2023-03-21 18:25:02 - [TEST_STEP][PASSED] - delay(3): Delayed 3 second(s)

2023-03-21 18:25:05 - [MESSAGE][PASSED] - Delayed 3 second(s)

2023-03-21 18:25:05 - [TEST_STEP][PASSED] - takeScreenshot(): Screenshot is taken

2023-03-21 18:25:06 - [MESSAGE][PASSED] - Screenshot is taken
[[ATTACHMENT|/Users/mosaj/Documents/GitHub/MAE-M2U-TestCloud/Reports/20230321_182421/TS_MAE/MAE_TS2/20230321_182424/1679394305462.png]]

2023-03-21 18:25:06 - [TEST_STEP][PASSED] - getText(findTestObject("Object Repository/MAE Transfer/android.widget.TextView - Maybank2u"), 0): Text of element 'Object Repository/MAE Transfer/android.widget.TextView - Maybank2u' is: 'Maybank2u'

2023-03-21 18:25:06 - [MESSAGE][WARNING] - Timeout '0' is invalid. Using default page load timeout: '30'

2023-03-21 18:25:06 - [MESSAGE][PASSED] - Text of element 'Object Repository/MAE Transfer/android.widget.TextView - Maybank2u' is: 'Maybank2u'

2023-03-21 18:25:06 - [TEST_STEP][PASSED] - tap(findTestObject("Object Repository/MAE Transfer/android.widget.TextView - Maybank2u"), 0): Tapped on element 'Object Repository/MAE Transfer/android.widget.TextView - Maybank2u'

2023-03-21 18:25:07 - [MESSAGE][WARNING] - Timeout '0' is invalid. Using default page load timeout: '30'

2023-03-21 18:25:07 - [MESSAGE][PASSED] - Tapped on element 'Object Repository/MAE Transfer/android.widget.TextView - Maybank2u'

2023-03-21 18:25:07 - [TEST_STEP][PASSED] - getText(findTestObject("Object Repository/MAE Transfer/android.widget.TextView - Enter your 6-digit PIN"), 0): Text of element 'Object Repository/MAE Transfer/android.widget.TextView - Enter your 6-digit PIN' is: 'Enter your 6-digit PIN'

2023-03-21 18:25:07 - [MESSAGE][WARNING] - Timeout '0' is invalid. Using default page load timeout: '30'

2023-03-21 18:25:08 - [MESSAGE][PASSED] - Text of element 'Object Repository/MAE Transfer/android.widget.TextView - Enter your 6-digit PIN' is: 'Enter your 6-digit PIN'

2023-03-21 18:25:08 - [TEST_STEP][PASSED] - takeScreenshot(): Screenshot is taken

2023-03-21 18:25:08 - [MESSAGE][PASSED] - Screenshot is taken
[[ATTACHMENT|/Users/mosaj/Documents/GitHub/MAE-M2U-TestCloud/Reports/20230321_182421/TS_MAE/MAE_TS2/20230321_182424/1679394308481.png]]

2023-03-21 18:25:08 - [TEST_STEP][PASSED] - tap(findTestObject("Object Repository/MAE Transfer/android.widget.TextView - 1"), 0): Tapped on element 'Object Repository/MAE Transfer/android.widget.TextView - 1'

2023-03-21 18:25:08 - [MESSAGE][WARNING] - Timeout '0' is invalid. Using default page load timeout: '30'

2023-03-21 18:25:09 - [MESSAGE][PASSED] - Tapped on element 'Object Repository/MAE Transfer/android.widget.TextView - 1'

2023-03-21 18:25:09 - [TEST_STEP][PASSED] - tap(findTestObject("Object Repository/MAE Transfer/android.widget.TextView - 1"), 0): Tapped on element 'Object Repository/MAE Transfer/android.widget.TextView - 1'

2023-03-21 18:25:09 - [MESSAGE][WARNING] - Timeout '0' is invalid. Using default page load timeout: '30'

2023-03-21 18:25:10 - [MESSAGE][PASSED] - Tapped on element 'Object Repository/MAE Transfer/android.widget.TextView - 1'

2023-03-21 18:25:10 - [TEST_STEP][PASSED] - tap(findTestObject("Object Repository/MAE Transfer/android.widget.TextView - 1"), 0): Tapped on element 'Object Repository/MAE Transfer/android.widget.TextView - 1'

2023-03-21 18:25:11 - [MESSAGE][WARNING] - Timeout '0' is invalid. Using default page load timeout: '30'

2023-03-21 18:25:12 - [MESSAGE][PASSED] - Tapped on element 'Object Repository/MAE Transfer/android.widget.TextView - 1'

2023-03-21 18:25:12 - [TEST_STEP][PASSED] - tap(findTestObject("Object Repository/MAE Transfer/android.widget.TextView - 1"), 0): Tapped on element 'Object Repository/MAE Transfer/android.widget.TextView - 1'

2023-03-21 18:25:12 - [MESSAGE][WARNING] - Timeout '0' is invalid. Using default page load timeout: '30'

2023-03-21 18:25:14 - [MESSAGE][PASSED] - Tapped on element 'Object Repository/MAE Transfer/android.widget.TextView - 1'

2023-03-21 18:25:14 - [TEST_STEP][PASSED] - tap(findTestObject("Object Repository/MAE Transfer/android.widget.TextView - 1"), 0): Tapped on element 'Object Repository/MAE Transfer/android.widget.TextView - 1'

2023-03-21 18:25:14 - [MESSAGE][WARNING] - Timeout '0' is invalid. Using default page load timeout: '30'

2023-03-21 18:25:16 - [MESSAGE][PASSED] - Tapped on element 'Object Repository/MAE Transfer/android.widget.TextView - 1'

2023-03-21 18:25:16 - [TEST_STEP][PASSED] - tap(findTestObject("Object Repository/MAE Transfer/android.widget.TextView - 1"), 0): Tapped on element 'Object Repository/MAE Transfer/android.widget.TextView - 1'

2023-03-21 18:25:16 - [MESSAGE][WARNING] - Timeout '0' is invalid. Using default page load timeout: '30'

2023-03-21 18:25:17 - [MESSAGE][PASSED] - Tapped on element 'Object Repository/MAE Transfer/android.widget.TextView - 1'

2023-03-21 18:25:17 - [TEST_STEP][PASSED] - getText(findTestObject("Object Repository/MAE Transfer/android.widget.TextView - Total Balance"), 0): Text of element 'Object Repository/MAE Transfer/android.widget.TextView - Total Balance' is: 'Total Balance'

2023-03-21 18:25:17 - [MESSAGE][WARNING] - Timeout '0' is invalid. Using default page load timeout: '30'

2023-03-21 18:25:20 - [MESSAGE][PASSED] - Text of element 'Object Repository/MAE Transfer/android.widget.TextView - Total Balance' is: 'Total Balance'

2023-03-21 18:25:20 - [TEST_STEP][PASSED] - getText(findTestObject("Object Repository/MAE Transfer/android.widget.TextView - Savings Account-i"), 0): Text of element 'Object Repository/MAE Transfer/android.widget.TextView - Savings Account-i' is: 'Savings Account-i'

2023-03-21 18:25:21 - [MESSAGE][WARNING] - Timeout '0' is invalid. Using default page load timeout: '30'

2023-03-21 18:25:21 - [MESSAGE][PASSED] - Text of element 'Object Repository/MAE Transfer/android.widget.TextView - Savings Account-i' is: 'Savings Account-i'

2023-03-21 18:25:21 - [TEST_STEP][PASSED] - takeScreenshot(): Screenshot is taken

2023-03-21 18:25:22 - [MESSAGE][PASSED] - Screenshot is taken
[[ATTACHMENT|/Users/mosaj/Documents/GitHub/MAE-M2U-TestCloud/Reports/20230321_182421/TS_MAE/MAE_TS2/20230321_182424/1679394321331.png]]

2023-03-21 18:25:22 - [TEST_STEP][PASSED] - tap(findTestObject("Object Repository/MAE Transfer/android.widget.TextView - Savings Account-i"), 0): Tapped on element 'Object Repository/MAE Transfer/android.widget.TextView - Savings Account-i'

2023-03-21 18:25:22 - [MESSAGE][WARNING] - Timeout '0' is invalid. Using default page load timeout: '30'

2023-03-21 18:25:22 - [MESSAGE][PASSED] - Tapped on element 'Object Repository/MAE Transfer/android.widget.TextView - Savings Account-i'

2023-03-21 18:25:22 - [TEST_STEP][PASSED] - getText(findTestObject("Object Repository/MAE Transfer/android.widget.TextView - View Transactions"), 0): Text of element 'Object Repository/MAE Transfer/android.widget.TextView - View Transactions' is: 'View Transactions'

2023-03-21 18:25:22 - [MESSAGE][WARNING] - Timeout '0' is invalid. Using default page load timeout: '30'

2023-03-21 18:25:24 - [MESSAGE][PASSED] - Text of element 'Object Repository/MAE Transfer/android.widget.TextView - View Transactions' is: 'View Transactions'

2023-03-21 18:25:24 - [TEST_STEP][PASSED] - getText(findTestObject("Object Repository/MAE Transfer/android.widget.TextView - Transfer"), 0): Text of element 'Object Repository/MAE Transfer/android.widget.TextView - Transfer' is: 'Transfer'

2023-03-21 18:25:24 - [MESSAGE][WARNING] - Timeout '0' is invalid. Using default page load timeout: '30'

2023-03-21 18:25:25 - [MESSAGE][PASSED] - Text of element 'Object Repository/MAE Transfer/android.widget.TextView - Transfer' is: 'Transfer'

2023-03-21 18:25:25 - [TEST_STEP][PASSED] - tap(findTestObject("Object Repository/MAE Transfer/android.widget.TextView - Transfer"), 0): Tapped on element 'Object Repository/MAE Transfer/android.widget.TextView - Transfer'

2023-03-21 18:25:25 - [MESSAGE][WARNING] - Timeout '0' is invalid. Using default page load timeout: '30'

2023-03-21 18:25:25 - [MESSAGE][PASSED] - Tapped on element 'Object Repository/MAE Transfer/android.widget.TextView - Transfer'

2023-03-21 18:25:25 - [TEST_STEP][PASSED] - takeScreenshot(): Screenshot is taken

2023-03-21 18:25:26 - [MESSAGE][PASSED] - Screenshot is taken
[[ATTACHMENT|/Users/mosaj/Documents/GitHub/MAE-M2U-TestCloud/Reports/20230321_182421/TS_MAE/MAE_TS2/20230321_182424/1679394325587.png]]

2023-03-21 18:25:26 - [TEST_STEP][NOT_RUN] - setText(findTestObject("MAE Transfer/android.widget.EditText - M2U password"), findTestData("DevOps").getValue(2, 1), 0): NOT_RUN: setText(findTestObject("MAE Transfer/android.widget.EditText - M2U password"), findTestData("DevOps").getValue(2, 1), 0)

2023-03-21 18:25:26 - [MESSAGE][NOT_RUN] - NOT_RUN: setText(findTestObject("MAE Transfer/android.widget.EditText - M2U password"), findTestData("DevOps").getValue(2, 1), 0)

2023-03-21 18:25:26 - [TEST_STEP][NOT_RUN] - hideKeyboard(): NOT_RUN: hideKeyboard()

2023-03-21 18:25:26 - [MESSAGE][NOT_RUN] - NOT_RUN: hideKeyboard()

2023-03-21 18:25:26 - [TEST_STEP][NOT_RUN] - tap(findTestObject("MAE Transfer/android.widget.TextView - Continue"), 0): NOT_RUN: tap(findTestObject("MAE Transfer/android.widget.TextView - Continue"), 0)

2023-03-21 18:25:26 - [MESSAGE][NOT_RUN] - NOT_RUN: tap(findTestObject("MAE Transfer/android.widget.TextView - Continue"), 0)

2023-03-21 18:25:26 - [TEST_STEP][PASSED] - delay(5): Delayed 5 second(s)

2023-03-21 18:25:31 - [MESSAGE][PASSED] - Delayed 5 second(s)

2023-03-21 18:25:31 - [TEST_STEP][PASSED] - takeScreenshot(): Screenshot is taken

2023-03-21 18:25:32 - [MESSAGE][PASSED] - Screenshot is taken
[[ATTACHMENT|/Users/mosaj/Documents/GitHub/MAE-M2U-TestCloud/Reports/20230321_182421/TS_MAE/MAE_TS2/20230321_182424/1679394331367.png]]

2023-03-21 18:25:32 - [TEST_STEP][NOT_RUN] - tap(findTestObject("Object Repository/MAE Transfer/android.widget.TextView - MAE"), 0): NOT_RUN: tap(findTestObject("Object Repository/MAE Transfer/android.widget.TextView - MAE"), 0)

2023-03-21 18:25:32 - [MESSAGE][NOT_RUN] - NOT_RUN: tap(findTestObject("Object Repository/MAE Transfer/android.widget.TextView - MAE"), 0)

2023-03-21 18:25:32 - [TEST_STEP][PASSED] - getText(findTestObject("Object Repository/MAE Transfer/android.widget.TextView - Enter amount"), 0): Text of element 'Object Repository/MAE Transfer/android.widget.TextView - Enter amount' is: 'Enter amount'

2023-03-21 18:25:32 - [MESSAGE][WARNING] - Timeout '0' is invalid. Using default page load timeout: '30'

2023-03-21 18:25:36 - [MESSAGE][PASSED] - Text of element 'Object Repository/MAE Transfer/android.widget.TextView - Enter amount' is: 'Enter amount'

2023-03-21 18:25:36 - [TEST_STEP][PASSED] - tap(findTestObject("Object Repository/MAE Transfer/android.widget.TextView - 1 (1)"), 0): Tapped on element 'Object Repository/MAE Transfer/android.widget.TextView - 1 (1)'

2023-03-21 18:25:37 - [MESSAGE][WARNING] - Timeout '0' is invalid. Using default page load timeout: '30'

2023-03-21 18:25:37 - [MESSAGE][PASSED] - Tapped on element 'Object Repository/MAE Transfer/android.widget.TextView - 1 (1)'

2023-03-21 18:25:37 - [TEST_STEP][PASSED] - takeScreenshot(): Screenshot is taken

2023-03-21 18:25:37 - [MESSAGE][PASSED] - Screenshot is taken
[[ATTACHMENT|/Users/mosaj/Documents/GitHub/MAE-M2U-TestCloud/Reports/20230321_182421/TS_MAE/MAE_TS2/20230321_182424/1679394337257.png]]

2023-03-21 18:25:37 - [TEST_STEP][PASSED] - tap(findTestObject("Object Repository/MAE Transfer/android.widget.ImageView"), 0): Tapped on element 'Object Repository/MAE Transfer/android.widget.ImageView'

2023-03-21 18:25:37 - [MESSAGE][WARNING] - Timeout '0' is invalid. Using default page load timeout: '30'

2023-03-21 18:25:38 - [MESSAGE][PASSED] - Tapped on element 'Object Repository/MAE Transfer/android.widget.ImageView'

2023-03-21 18:25:38 - [TEST_STEP][PASSED] - getText(findTestObject("Object Repository/MAE Transfer/android.widget.TextView - Enter recipient reference"), 0): Text of element 'Object Repository/MAE Transfer/android.widget.TextView - Enter recipient reference' is: 'Enter recipient reference'

2023-03-21 18:25:38 - [MESSAGE][WARNING] - Timeout '0' is invalid. Using default page load timeout: '30'

2023-03-21 18:25:39 - [MESSAGE][PASSED] - Text of element 'Object Repository/MAE Transfer/android.widget.TextView - Enter recipient reference' is: 'Enter recipient reference'

2023-03-21 18:25:39 - [TEST_STEP][PASSED] - setText(findTestObject("Object Repository/MAE Transfer/android.widget.EditText"), "self transfer", 0): Text 'self transfer' has been set to element 'Object Repository/MAE Transfer/android.widget.EditText'

2023-03-21 18:25:39 - [MESSAGE][WARNING] - Timeout '0' is invalid. Using default page load timeout: '30'

2023-03-21 18:25:40 - [MESSAGE][PASSED] - Text 'self transfer' has been set to element 'Object Repository/MAE Transfer/android.widget.EditText'

2023-03-21 18:25:40 - [TEST_STEP][PASSED] - takeScreenshot("C:\Users\00123955\git\screenshot\MAE\7.png", CONTINUE_ON_FAILURE): Screenshot is taken

2023-03-21 18:25:40 - [MESSAGE][PASSED] - Screenshot is taken
[[ATTACHMENT|/Users/mosaj/Documents/GitHub/MAE-M2U-TestCloud/Reports/20230321_182421/TS_MAE/MAE_TS2/20230321_182424/C:\\Users\\00123955\\git\\screenshot\\MAE\\7.png]]

2023-03-21 18:25:40 - [TEST_STEP][PASSED] - hideKeyboard(): Keyboard is hidden

2023-03-21 18:25:42 - [MESSAGE][PASSED] - Keyboard is hidden

2023-03-21 18:25:42 - [TEST_STEP][PASSED] - tap(findTestObject("Object Repository/MAE Transfer/android.widget.TextView - Continue (1)"), 0): Tapped on element 'Object Repository/MAE Transfer/android.widget.TextView - Continue (1)'

2023-03-21 18:25:42 - [MESSAGE][WARNING] - Timeout '0' is invalid. Using default page load timeout: '30'

2023-03-21 18:25:42 - [MESSAGE][PASSED] - Tapped on element 'Object Repository/MAE Transfer/android.widget.TextView - Continue (1)'

2023-03-21 18:25:42 - [TEST_STEP][PASSED] - getText(findTestObject("Object Repository/MAE Transfer/android.widget.TextView - Transfer Now"), 0): Text of element 'Object Repository/MAE Transfer/android.widget.TextView - Transfer Now' is: 'Transfer Now'

2023-03-21 18:25:42 - [MESSAGE][WARNING] - Timeout '0' is invalid. Using default page load timeout: '30'

2023-03-21 18:25:45 - [MESSAGE][PASSED] - Text of element 'Object Repository/MAE Transfer/android.widget.TextView - Transfer Now' is: 'Transfer Now'

2023-03-21 18:25:45 - [TEST_STEP][PASSED] - tap(findTestObject("MAE Transfer/android.widget.TextView - Transfer Now"), 0): Tapped on element 'Object Repository/MAE Transfer/android.widget.TextView - Transfer Now'

2023-03-21 18:25:45 - [MESSAGE][WARNING] - Timeout '0' is invalid. Using default page load timeout: '30'

2023-03-21 18:25:45 - [MESSAGE][PASSED] - Tapped on element 'Object Repository/MAE Transfer/android.widget.TextView - Transfer Now'

2023-03-21 18:25:45 - [TEST_STEP][PASSED] - takeScreenshot(): Screenshot is taken

2023-03-21 18:25:46 - [MESSAGE][PASSED] - Screenshot is taken
[[ATTACHMENT|/Users/mosaj/Documents/GitHub/MAE-M2U-TestCloud/Reports/20230321_182421/TS_MAE/MAE_TS2/20230321_182424/1679394345913.png]]

2023-03-21 18:25:46 - [TEST_STEP][PASSED] - getText(findTestObject("Object Repository/MAE Transfer/android.widget.TextView - Transfer successful"), 0): Text of element 'Object Repository/MAE Transfer/android.widget.TextView - Transfer successful' is: 'Transfer successful'

2023-03-21 18:25:46 - [MESSAGE][WARNING] - Timeout '0' is invalid. Using default page load timeout: '30'

2023-03-21 18:25:48 - [MESSAGE][PASSED] - Text of element 'Object Repository/MAE Transfer/android.widget.TextView - Transfer successful' is: 'Transfer successful'

2023-03-21 18:25:48 - [TEST_STEP][PASSED] - takeScreenshot(): Screenshot is taken

2023-03-21 18:25:49 - [MESSAGE][PASSED] - Screenshot is taken
[[ATTACHMENT|/Users/mosaj/Documents/GitHub/MAE-M2U-TestCloud/Reports/20230321_182421/TS_MAE/MAE_TS2/20230321_182424/1679394348776.png]]

2023-03-21 18:25:49 - [TEST_STEP][PASSED] - getText(findTestObject("Object Repository/MAE Transfer/android.widget.TextView - 501652585M"), 0): Text of element 'Object Repository/MAE Transfer/android.widget.TextView - 501652585M' is: '959908230M'

2023-03-21 18:25:49 - [MESSAGE][WARNING] - Timeout '0' is invalid. Using default page load timeout: '30'

2023-03-21 18:25:49 - [MESSAGE][PASSED] - Text of element 'Object Repository/MAE Transfer/android.widget.TextView - 501652585M' is: '959908230M'

2023-03-21 18:25:49 - [TEST_STEP][PASSED] - tap(findTestObject("Object Repository/MAE Transfer/android.widget.TextView - Share Receipt"), 0): Tapped on element 'Object Repository/MAE Transfer/android.widget.TextView - Share Receipt'

2023-03-21 18:25:49 - [MESSAGE][WARNING] - Timeout '0' is invalid. Using default page load timeout: '30'

2023-03-21 18:25:49 - [MESSAGE][PASSED] - Tapped on element 'Object Repository/MAE Transfer/android.widget.TextView - Share Receipt'

2023-03-21 18:25:49 - [TEST_STEP][PASSED] - getText(findTestObject("Object Repository/MAE Transfer/android.widget.TextView - Successful"), 0): Text of element 'Object Repository/MAE Transfer/android.widget.TextView - Successful' is: 'Successful'

2023-03-21 18:25:50 - [MESSAGE][WARNING] - Timeout '0' is invalid. Using default page load timeout: '30'

2023-03-21 18:25:51 - [MESSAGE][PASSED] - Text of element 'Object Repository/MAE Transfer/android.widget.TextView - Successful' is: 'Successful'

2023-03-21 18:25:51 - [TEST_STEP][PASSED] - delay(10): Delayed 10 second(s)

2023-03-21 18:26:01 - [MESSAGE][PASSED] - Delayed 10 second(s)

2023-03-21 18:26:01 - [TEST_STEP][PASSED] - takeScreenshot(): Screenshot is taken

2023-03-21 18:26:02 - [MESSAGE][PASSED] - Screenshot is taken
[[ATTACHMENT|/Users/mosaj/Documents/GitHub/MAE-M2U-TestCloud/Reports/20230321_182421/TS_MAE/MAE_TS2/20230321_182424/1679394361715.png]]

2023-03-21 18:26:02 - [TEST_STEP][PASSED] - tap(findTestObject("Object Repository/MAE Transfer/android.widget.ImageView (1)"), 0): Tapped on element 'Object Repository/MAE Transfer/android.widget.ImageView (1)'

2023-03-21 18:26:02 - [MESSAGE][WARNING] - Timeout '0' is invalid. Using default page load timeout: '30'

2023-03-21 18:26:02 - [MESSAGE][PASSED] - Tapped on element 'Object Repository/MAE Transfer/android.widget.ImageView (1)'

2023-03-21 18:26:02 - [TEST_STEP][PASSED] - getText(findTestObject("Object Repository/MAE Transfer/android.widget.TextView - Done"), 0): Text of element 'Object Repository/MAE Transfer/android.widget.TextView - Done' is: 'Done'

2023-03-21 18:26:02 - [MESSAGE][WARNING] - Timeout '0' is invalid. Using default page load timeout: '30'

2023-03-21 18:26:03 - [MESSAGE][PASSED] - Text of element 'Object Repository/MAE Transfer/android.widget.TextView - Done' is: 'Done'

2023-03-21 18:26:03 - [TEST_STEP][PASSED] - tap(findTestObject("MAE Transfer/android.widget.TextView - Done"), 0): Tapped on element 'Object Repository/MAE Transfer/android.widget.TextView - Done'

2023-03-21 18:26:03 - [MESSAGE][WARNING] - Timeout '0' is invalid. Using default page load timeout: '30'

2023-03-21 18:26:04 - [MESSAGE][PASSED] - Tapped on element 'Object Repository/MAE Transfer/android.widget.TextView - Done'

2023-03-21 18:26:04 - [TEST_STEP][PASSED] - closeApplication(): Close app successfully

2023-03-21 18:26:04 - [MESSAGE][PASSED] - Close app successfully]]></system-out>
         <system-err><![CDATA[]]></system-err>
      </testcase>
      <system-out><![CDATA[2023-03-21 18:24:37 - [TEST_SUITE][PASSED] - MAE_TS2: Test Cases/Mobile TC/MAE Login]]></system-out>
      <system-err><![CDATA[]]></system-err>
   </testsuite>
</testsuites>
