<?xml version="1.0" encoding="UTF-8"?>
<testsuites name="MAE_TS3" time="106.716" tests="1" failures="0" errors="0">
   <testsuite name="MAE_TS3" tests="1" failures="0" errors="0" time="106.716" skipped="0" timestamp="2023-03-22 13:53:42" hostname="mosaj - localhost" id="Test Suites/TS_MAE/MAE_TS3">
      <properties>
[...]
</properties>
      <testcase name="Test Cases/Mobile TC/MAE Pay Bills - biller" time="105.83" classname="Test Cases/Mobile TC/MAE Pay Bills - biller" status="PASSED">
         <system-out><![CDATA[2023-03-22 13:53:43 - [TEST_CASE][PASSED] - Test Cases/Mobile TC/MAE Pay Bills - biller: Test Cases/Mobile TC/MAE Pay Bills - biller

2023-03-22 13:53:44 - [TEST_STEP][PASSED] - startExistingApplication("com.maybank2u.life"): Starting app with application ID: 'com.maybank2u.life'

2023-03-22 13:53:44 - [MESSAGE][INFO] - User set preference: ['appPackage', 'com.maybank2u.life']

2023-03-22 13:53:44 - [MESSAGE][INFO] - User set preference: ['appActivity', 'com.maybank2u.life.MainActivity']

2023-03-22 13:53:44 - [MESSAGE][INFO] - User set preference: ['appWaitActivity', '*']

2023-03-22 13:53:44 - [MESSAGE][INFO] - User set preference: ['noReset', 'true']

2023-03-22 13:53:44 - [MESSAGE][INFO] - User set preference: ['deviceId', 'R5CR704KXSR']

2023-03-22 13:53:45 - [MESSAGE][INFO] - Detected NodeJS location: "/usr/local/bin/node"

2023-03-22 13:53:48 - [MESSAGE][INFO] - Appium server started on port 52,763

2023-03-22 13:54:02 - [MESSAGE][PASSED] - Starting app with application ID: 'com.maybank2u.life'

2023-03-22 13:54:02 - [TEST_STEP][PASSED] - getText(findTestObject("Object Repository/MAE PayBills/android.widget.TextView - Pay Bills"), 0): Text of element 'Object Repository/MAE PayBills/android.widget.TextView - Pay Bills' is: 'Pay Bills'

2023-03-22 13:54:02 - [MESSAGE][WARNING] - Timeout '0' is invalid. Using default page load timeout: '30'

2023-03-22 13:54:03 - [MESSAGE][PASSED] - Text of element 'Object Repository/MAE PayBills/android.widget.TextView - Pay Bills' is: 'Pay Bills'

2023-03-22 13:54:03 - [TEST_STEP][PASSED] - takeScreenshot(): Screenshot is taken

2023-03-22 13:54:04 - [MESSAGE][PASSED] - Screenshot is taken
[[ATTACHMENT|/Users/mosaj/Documents/GitHub/SP12D12CShowcase/Reports/20230322_135331/TS_MAE/MAE_TS3/20230322_135333/1679464443502.png]]

2023-03-22 13:54:04 - [TEST_STEP][PASSED] - tap(findTestObject("MAE PayBills/android.widget.TextView - Pay Bills"), 0): Tapped on element 'Object Repository/MAE PayBills/android.widget.TextView - Pay Bills'

2023-03-22 13:54:04 - [MESSAGE][WARNING] - Timeout '0' is invalid. Using default page load timeout: '30'

2023-03-22 13:54:04 - [MESSAGE][PASSED] - Tapped on element 'Object Repository/MAE PayBills/android.widget.TextView - Pay Bills'

2023-03-22 13:54:04 - [TEST_STEP][PASSED] - setText(findTestObject("Object Repository/MAE PayBills/android.widget.EditText - M2U password"), findTestData("DevOps").getValue(2, 1), 0): Text 'Mayesha@2' has been set to element 'Object Repository/MAE PayBills/android.widget.EditText - M2U password'

2023-03-22 13:54:07 - [MESSAGE][WARNING] - Timeout '0' is invalid. Using default page load timeout: '30'

2023-03-22 13:54:08 - [MESSAGE][PASSED] - Text 'Mayesha@2' has been set to element 'Object Repository/MAE PayBills/android.widget.EditText - M2U password'

2023-03-22 13:54:08 - [TEST_STEP][PASSED] - takeScreenshot(): Screenshot is taken

2023-03-22 13:54:10 - [MESSAGE][PASSED] - Screenshot is taken
[[ATTACHMENT|/Users/mosaj/Documents/GitHub/SP12D12CShowcase/Reports/20230322_135331/TS_MAE/MAE_TS3/20230322_135333/1679464448453.png]]

2023-03-22 13:54:10 - [TEST_STEP][PASSED] - hideKeyboard(): Keyboard is hidden

2023-03-22 13:54:11 - [MESSAGE][PASSED] - Keyboard is hidden

2023-03-22 13:54:11 - [TEST_STEP][PASSED] - getText(findTestObject("Object Repository/MAE PayBills/android.widget.TextView - Continue"), 0): Text of element 'Object Repository/MAE PayBills/android.widget.TextView - Continue' is: 'Continue'

2023-03-22 13:54:12 - [MESSAGE][WARNING] - Timeout '0' is invalid. Using default page load timeout: '30'

2023-03-22 13:54:12 - [MESSAGE][PASSED] - Text of element 'Object Repository/MAE PayBills/android.widget.TextView - Continue' is: 'Continue'

2023-03-22 13:54:12 - [TEST_STEP][PASSED] - tap(findTestObject("MAE PayBills/android.widget.TextView - Continue"), 0): Tapped on element 'Object Repository/MAE PayBills/android.widget.TextView - Continue'

2023-03-22 13:54:12 - [MESSAGE][WARNING] - Timeout '0' is invalid. Using default page load timeout: '30'

2023-03-22 13:54:12 - [MESSAGE][PASSED] - Tapped on element 'Object Repository/MAE PayBills/android.widget.TextView - Continue'

2023-03-22 13:54:12 - [TEST_STEP][NOT_RUN] - getText(findTestObject("Object Repository/MAE PayBills/android.widget.TextView - Tenaga Nasional Berhad"), 0): NOT_RUN: getText(findTestObject("Object Repository/MAE PayBills/android.widget.TextView - Tenaga Nasional Berhad"), 0)

2023-03-22 13:54:12 - [MESSAGE][NOT_RUN] - NOT_RUN: getText(findTestObject("Object Repository/MAE PayBills/android.widget.TextView - Tenaga Nasional Berhad"), 0)

2023-03-22 13:54:12 - [TEST_STEP][NOT_RUN] - tap(findTestObject("MAE PayBills/android.widget.TextView - Tenaga Nasional Berhad"), 0): NOT_RUN: tap(findTestObject("MAE PayBills/android.widget.TextView - Tenaga Nasional Berhad"), 0)

2023-03-22 13:54:12 - [MESSAGE][NOT_RUN] - NOT_RUN: tap(findTestObject("MAE PayBills/android.widget.TextView - Tenaga Nasional Berhad"), 0)

2023-03-22 13:54:12 - [TEST_STEP][PASSED] - delay(3): Delayed 3 second(s)

2023-03-22 13:54:16 - [MESSAGE][PASSED] - Delayed 3 second(s)

2023-03-22 13:54:16 - [TEST_STEP][PASSED] - takeScreenshot(): Screenshot is taken

2023-03-22 13:54:16 - [MESSAGE][PASSED] - Screenshot is taken
[[ATTACHMENT|/Users/mosaj/Documents/GitHub/SP12D12CShowcase/Reports/20230322_135331/TS_MAE/MAE_TS3/20230322_135333/1679464456152.png]]

2023-03-22 13:54:16 - [TEST_STEP][PASSED] - tap(findTestObject("MAE PayBills/SPY/android.widget.TextView - Pay Bills"), 0): Tapped on element 'Object Repository/MAE PayBills/SPY/android.widget.TextView - Pay Bills'

2023-03-22 13:54:16 - [MESSAGE][WARNING] - Timeout '0' is invalid. Using default page load timeout: '30'

2023-03-22 13:54:17 - [MESSAGE][PASSED] - Tapped on element 'Object Repository/MAE PayBills/SPY/android.widget.TextView - Pay Bills'

2023-03-22 13:54:17 - [TEST_STEP][PASSED] - tap(findTestObject("MAE PayBills/SPY/android.widget.ImageView"), 0): Tapped on element 'Object Repository/MAE PayBills/SPY/android.widget.ImageView'

2023-03-22 13:54:17 - [MESSAGE][WARNING] - Timeout '0' is invalid. Using default page load timeout: '30'

2023-03-22 13:54:19 - [MESSAGE][PASSED] - Tapped on element 'Object Repository/MAE PayBills/SPY/android.widget.ImageView'

2023-03-22 13:54:19 - [TEST_STEP][PASSED] - setText(findTestObject("MAE PayBills/spy2/type biller edit box"), "Tenaga Nasional", 0): Text 'Tenaga Nasional' has been set to element 'Object Repository/MAE PayBills/spy2/type biller edit box'

2023-03-22 13:54:19 - [MESSAGE][WARNING] - Timeout '0' is invalid. Using default page load timeout: '30'

2023-03-22 13:54:21 - [MESSAGE][PASSED] - Text 'Tenaga Nasional' has been set to element 'Object Repository/MAE PayBills/spy2/type biller edit box'

2023-03-22 13:54:21 - [TEST_STEP][NOT_RUN] - setText(findTestObject("MAE PayBills/spy2/type biller edit box"), "Visa Infinite", 0): NOT_RUN: setText(findTestObject("MAE PayBills/spy2/type biller edit box"), "Visa Infinite", 0)

2023-03-22 13:54:21 - [MESSAGE][NOT_RUN] - NOT_RUN: setText(findTestObject("MAE PayBills/spy2/type biller edit box"), "Visa Infinite", 0)

2023-03-22 13:54:21 - [TEST_STEP][PASSED] - delay(2): Delayed 2 second(s)

2023-03-22 13:54:23 - [MESSAGE][PASSED] - Delayed 2 second(s)

2023-03-22 13:54:23 - [TEST_STEP][PASSED] - takeScreenshot(): Screenshot is taken

2023-03-22 13:54:23 - [MESSAGE][PASSED] - Screenshot is taken
[[ATTACHMENT|/Users/mosaj/Documents/GitHub/SP12D12CShowcase/Reports/20230322_135331/TS_MAE/MAE_TS3/20230322_135333/1679464463026.png]]

2023-03-22 13:54:23 - [TEST_STEP][PASSED] - tap(findTestObject("MAE PayBills/SPY/android.widget.TextView - Tenaga Nasional Berhad"), 0, CONTINUE_ON_FAILURE): Tapped on element 'Object Repository/MAE PayBills/SPY/android.widget.TextView - Tenaga Nasional Berhad'

2023-03-22 13:54:23 - [MESSAGE][WARNING] - Timeout '0' is invalid. Using default page load timeout: '30'

2023-03-22 13:54:24 - [MESSAGE][PASSED] - Tapped on element 'Object Repository/MAE PayBills/SPY/android.widget.TextView - Tenaga Nasional Berhad'

2023-03-22 13:54:24 - [TEST_STEP][NOT_RUN] - tap(findTestObject("MAE PayBills/Visa Infinite"), 0, CONTINUE_ON_FAILURE): NOT_RUN: tap(findTestObject("MAE PayBills/Visa Infinite"), 0, CONTINUE_ON_FAILURE)

2023-03-22 13:54:24 - [MESSAGE][NOT_RUN] - NOT_RUN: tap(findTestObject("MAE PayBills/Visa Infinite"), 0, CONTINUE_ON_FAILURE)

2023-03-22 13:54:24 - [TEST_STEP][PASSED] - delay(3): Delayed 3 second(s)

2023-03-22 13:54:27 - [MESSAGE][PASSED] - Delayed 3 second(s)

2023-03-22 13:54:27 - [TEST_STEP][PASSED] - tap(findTestObject("MAE PayBills/SPY/android.widget.TextView - Tenaga Nasional Berhad"), 0, CONTINUE_ON_FAILURE): Tapped on element 'Object Repository/MAE PayBills/SPY/android.widget.TextView - Tenaga Nasional Berhad'

2023-03-22 13:54:27 - [MESSAGE][WARNING] - Timeout '0' is invalid. Using default page load timeout: '30'

2023-03-22 13:54:27 - [MESSAGE][PASSED] - Tapped on element 'Object Repository/MAE PayBills/SPY/android.widget.TextView - Tenaga Nasional Berhad'

2023-03-22 13:54:27 - [TEST_STEP][NOT_RUN] - tap(findTestObject("MAE PayBills/Visa Infinite"), 0, CONTINUE_ON_FAILURE): NOT_RUN: tap(findTestObject("MAE PayBills/Visa Infinite"), 0, CONTINUE_ON_FAILURE)

2023-03-22 13:54:27 - [MESSAGE][NOT_RUN] - NOT_RUN: tap(findTestObject("MAE PayBills/Visa Infinite"), 0, CONTINUE_ON_FAILURE)

2023-03-22 13:54:27 - [TEST_STEP][PASSED] - setText(findTestObject("MAE PayBills/spy2/type account number"), "210311409607", 0): Text '210311409607' has been set to element 'Object Repository/MAE PayBills/spy2/type account number'

2023-03-22 13:54:27 - [MESSAGE][WARNING] - Timeout '0' is invalid. Using default page load timeout: '30'

2023-03-22 13:54:29 - [MESSAGE][PASSED] - Text '210311409607' has been set to element 'Object Repository/MAE PayBills/spy2/type account number'

2023-03-22 13:54:29 - [TEST_STEP][NOT_RUN] - setText(findTestObject("MAE PayBills/spy2/type account number"), "4365000260004396", 0): NOT_RUN: setText(findTestObject("MAE PayBills/spy2/type account number"), "4365000260004396", 0)

2023-03-22 13:54:29 - [MESSAGE][NOT_RUN] - NOT_RUN: setText(findTestObject("MAE PayBills/spy2/type account number"), "4365000260004396", 0)

2023-03-22 13:54:29 - [TEST_STEP][PASSED] - delay(2): Delayed 2 second(s)

2023-03-22 13:54:31 - [MESSAGE][PASSED] - Delayed 2 second(s)

2023-03-22 13:54:31 - [TEST_STEP][PASSED] - takeScreenshot(): Screenshot is taken

2023-03-22 13:54:32 - [MESSAGE][PASSED] - Screenshot is taken
[[ATTACHMENT|/Users/mosaj/Documents/GitHub/SP12D12CShowcase/Reports/20230322_135331/TS_MAE/MAE_TS3/20230322_135333/1679464471556.png]]

2023-03-22 13:54:32 - [TEST_STEP][PASSED] - hideKeyboard(): Keyboard is hidden

2023-03-22 13:54:33 - [MESSAGE][PASSED] - Keyboard is hidden

2023-03-22 13:54:33 - [TEST_STEP][PASSED] - tap(findTestObject("MAE PayBills/SPY/android.widget.TextView - Continue"), 0, CONTINUE_ON_FAILURE): Tapped on element 'Object Repository/MAE PayBills/SPY/android.widget.TextView - Continue'

2023-03-22 13:54:33 - [MESSAGE][WARNING] - Timeout '0' is invalid. Using default page load timeout: '30'

2023-03-22 13:54:33 - [MESSAGE][PASSED] - Tapped on element 'Object Repository/MAE PayBills/SPY/android.widget.TextView - Continue'

2023-03-22 13:54:33 - [TEST_STEP][PASSED] - getText(findTestObject("Object Repository/MAE PayBills/android.widget.TextView - Enter amount"), 0): Text of element 'Object Repository/MAE PayBills/android.widget.TextView - Enter amount' is: 'Enter amount'

2023-03-22 13:54:34 - [MESSAGE][WARNING] - Timeout '0' is invalid. Using default page load timeout: '30'

2023-03-22 13:54:35 - [MESSAGE][PASSED] - Text of element 'Object Repository/MAE PayBills/android.widget.TextView - Enter amount' is: 'Enter amount'

2023-03-22 13:54:35 - [TEST_STEP][PASSED] - tap(findTestObject("Object Repository/MAE PayBills/android.widget.TextView - 1"), 0): Tapped on element 'Object Repository/MAE PayBills/android.widget.TextView - 1'

2023-03-22 13:54:35 - [MESSAGE][WARNING] - Timeout '0' is invalid. Using default page load timeout: '30'

2023-03-22 13:54:36 - [MESSAGE][PASSED] - Tapped on element 'Object Repository/MAE PayBills/android.widget.TextView - 1'

2023-03-22 13:54:36 - [TEST_STEP][PASSED] - tap(findTestObject("Object Repository/MAE PayBills/android.widget.ImageView"), 0): Tapped on element 'Object Repository/MAE PayBills/android.widget.ImageView'

2023-03-22 13:54:36 - [MESSAGE][WARNING] - Timeout '0' is invalid. Using default page load timeout: '30'

2023-03-22 13:54:36 - [MESSAGE][PASSED] - Tapped on element 'Object Repository/MAE PayBills/android.widget.ImageView'

2023-03-22 13:54:36 - [TEST_STEP][PASSED] - getText(findTestObject("Object Repository/MAE PayBills/android.widget.TextView - The minimum payment for this transaction is RM 1"), 0): Text of element 'Object Repository/MAE PayBills/android.widget.TextView - The minimum payment for this transaction is RM 1' is: 'The minimum payment for this transaction is RM 1'

2023-03-22 13:54:36 - [MESSAGE][WARNING] - Timeout '0' is invalid. Using default page load timeout: '30'

2023-03-22 13:54:37 - [MESSAGE][PASSED] - Text of element 'Object Repository/MAE PayBills/android.widget.TextView - The minimum payment for this transaction is RM 1' is: 'The minimum payment for this transaction is RM 1'

2023-03-22 13:54:37 - [TEST_STEP][PASSED] - delay(3): Delayed 3 second(s)

2023-03-22 13:54:40 - [MESSAGE][PASSED] - Delayed 3 second(s)

2023-03-22 13:54:40 - [TEST_STEP][PASSED] - takeScreenshot(): Screenshot is taken

2023-03-22 13:54:40 - [MESSAGE][PASSED] - Screenshot is taken
[[ATTACHMENT|/Users/mosaj/Documents/GitHub/SP12D12CShowcase/Reports/20230322_135331/TS_MAE/MAE_TS3/20230322_135333/1679464480492.png]]

2023-03-22 13:54:40 - [TEST_STEP][PASSED] - delay(5): Delayed 5 second(s)

2023-03-22 13:54:46 - [MESSAGE][PASSED] - Delayed 5 second(s)

2023-03-22 13:54:46 - [TEST_STEP][PASSED] - tap(findTestObject("Object Repository/MAE PayBills/android.widget.TextView - 0"), 0): Tapped on element 'Object Repository/MAE PayBills/android.widget.TextView - 0'

2023-03-22 13:54:46 - [MESSAGE][WARNING] - Timeout '0' is invalid. Using default page load timeout: '30'

2023-03-22 13:54:46 - [MESSAGE][PASSED] - Tapped on element 'Object Repository/MAE PayBills/android.widget.TextView - 0'

2023-03-22 13:54:46 - [TEST_STEP][PASSED] - tap(findTestObject("MAE PayBills/android.widget.TextView - 0"), 0): Tapped on element 'Object Repository/MAE PayBills/android.widget.TextView - 0'

2023-03-22 13:54:46 - [MESSAGE][WARNING] - Timeout '0' is invalid. Using default page load timeout: '30'

2023-03-22 13:54:46 - [MESSAGE][PASSED] - Tapped on element 'Object Repository/MAE PayBills/android.widget.TextView - 0'

2023-03-22 13:54:46 - [TEST_STEP][PASSED] - tap(findTestObject("MAE PayBills/android.widget.ImageView"), 0): Tapped on element 'Object Repository/MAE PayBills/android.widget.ImageView'

2023-03-22 13:54:47 - [MESSAGE][WARNING] - Timeout '0' is invalid. Using default page load timeout: '30'

2023-03-22 13:54:47 - [MESSAGE][PASSED] - Tapped on element 'Object Repository/MAE PayBills/android.widget.ImageView'

2023-03-22 13:54:47 - [TEST_STEP][PASSED] - takeScreenshot(): Screenshot is taken

2023-03-22 13:54:47 - [MESSAGE][PASSED] - Screenshot is taken
[[ATTACHMENT|/Users/mosaj/Documents/GitHub/SP12D12CShowcase/Reports/20230322_135331/TS_MAE/MAE_TS3/20230322_135333/1679464487300.png]]

2023-03-22 13:54:47 - [TEST_STEP][PASSED] - getText(findTestObject("Object Repository/MAE PayBills/android.widget.TextView - Today"), 0): Text of element 'Object Repository/MAE PayBills/android.widget.TextView - Today' is: 'Today'

2023-03-22 13:54:48 - [MESSAGE][WARNING] - Timeout '0' is invalid. Using default page load timeout: '30'

2023-03-22 13:54:49 - [MESSAGE][PASSED] - Text of element 'Object Repository/MAE PayBills/android.widget.TextView - Today' is: 'Today'

2023-03-22 13:54:49 - [TEST_STEP][PASSED] - delay(3): Delayed 3 second(s)

2023-03-22 13:54:52 - [MESSAGE][PASSED] - Delayed 3 second(s)

2023-03-22 13:54:52 - [TEST_STEP][PASSED] - takeScreenshot(): Screenshot is taken

2023-03-22 13:54:53 - [MESSAGE][PASSED] - Screenshot is taken
[[ATTACHMENT|/Users/mosaj/Documents/GitHub/SP12D12CShowcase/Reports/20230322_135331/TS_MAE/MAE_TS3/20230322_135333/1679464492655.png]]

2023-03-22 13:54:53 - [TEST_STEP][NOT_RUN] - tap(findTestObject("MAE PayBills/android.widget.TextView - Today"), 0): NOT_RUN: tap(findTestObject("MAE PayBills/android.widget.TextView - Today"), 0)

2023-03-22 13:54:53 - [MESSAGE][NOT_RUN] - NOT_RUN: tap(findTestObject("MAE PayBills/android.widget.TextView - Today"), 0)

2023-03-22 13:54:53 - [TEST_STEP][NOT_RUN] - tap(findTestObject("Object Repository/MAE PayBills/android.widget.TextView - 31"), 0): NOT_RUN: tap(findTestObject("Object Repository/MAE PayBills/android.widget.TextView - 31"), 0)

2023-03-22 13:54:53 - [MESSAGE][NOT_RUN] - NOT_RUN: tap(findTestObject("Object Repository/MAE PayBills/android.widget.TextView - 31"), 0)

2023-03-22 13:54:53 - [TEST_STEP][NOT_RUN] - getText(findTestObject("Object Repository/MAE PayBills/android.widget.TextView - Done"), 0): NOT_RUN: getText(findTestObject("Object Repository/MAE PayBills/android.widget.TextView - Done"), 0)

2023-03-22 13:54:53 - [MESSAGE][NOT_RUN] - NOT_RUN: getText(findTestObject("Object Repository/MAE PayBills/android.widget.TextView - Done"), 0)

2023-03-22 13:54:53 - [TEST_STEP][NOT_RUN] - tap(findTestObject("MAE PayBills/android.widget.TextView - Done"), 0): NOT_RUN: tap(findTestObject("MAE PayBills/android.widget.TextView - Done"), 0)

2023-03-22 13:54:53 - [MESSAGE][NOT_RUN] - NOT_RUN: tap(findTestObject("MAE PayBills/android.widget.TextView - Done"), 0)

2023-03-22 13:54:53 - [TEST_STEP][PASSED] - getText(findTestObject("Object Repository/MAE PayBills/android.widget.TextView - Pay Now"), 0): Text of element 'Object Repository/MAE PayBills/android.widget.TextView - Pay Now' is: 'Pay Now'

2023-03-22 13:54:53 - [MESSAGE][WARNING] - Timeout '0' is invalid. Using default page load timeout: '30'

2023-03-22 13:54:53 - [MESSAGE][PASSED] - Text of element 'Object Repository/MAE PayBills/android.widget.TextView - Pay Now' is: 'Pay Now'

2023-03-22 13:54:53 - [TEST_STEP][PASSED] - tap(findTestObject("MAE PayBills/android.widget.TextView - Pay Now"), 0): Tapped on element 'Object Repository/MAE PayBills/android.widget.TextView - Pay Now'

2023-03-22 13:54:53 - [MESSAGE][WARNING] - Timeout '0' is invalid. Using default page load timeout: '30'

2023-03-22 13:54:54 - [MESSAGE][PASSED] - Tapped on element 'Object Repository/MAE PayBills/android.widget.TextView - Pay Now'

2023-03-22 13:54:54 - [TEST_STEP][PASSED] - delay(3): Delayed 3 second(s)

2023-03-22 13:54:57 - [MESSAGE][PASSED] - Delayed 3 second(s)

2023-03-22 13:54:57 - [TEST_STEP][PASSED] - takeScreenshot(): Screenshot is taken

2023-03-22 13:54:57 - [MESSAGE][PASSED] - Screenshot is taken
[[ATTACHMENT|/Users/mosaj/Documents/GitHub/SP12D12CShowcase/Reports/20230322_135331/TS_MAE/MAE_TS3/20230322_135333/1679464497072.png]]

2023-03-22 13:54:57 - [TEST_STEP][PASSED] - tap(findTestObject("MAE PayBills/S2U"), 0): Tapped on element 'Object Repository/MAE PayBills/S2U'

2023-03-22 13:54:57 - [MESSAGE][WARNING] - Timeout '0' is invalid. Using default page load timeout: '30'

2023-03-22 13:54:58 - [MESSAGE][PASSED] - Tapped on element 'Object Repository/MAE PayBills/S2U'

2023-03-22 13:54:58 - [TEST_STEP][NOT_RUN] - getText(findTestObject("Object Repository/MAE PayBills/android.widget.TextView - Payment scheduled"), 0): NOT_RUN: getText(findTestObject("Object Repository/MAE PayBills/android.widget.TextView - Payment scheduled"), 0)

2023-03-22 13:54:58 - [MESSAGE][NOT_RUN] - NOT_RUN: getText(findTestObject("Object Repository/MAE PayBills/android.widget.TextView - Payment scheduled"), 0)

2023-03-22 13:54:58 - [TEST_STEP][PASSED] - delay(3): Delayed 3 second(s)

2023-03-22 13:55:01 - [MESSAGE][PASSED] - Delayed 3 second(s)

2023-03-22 13:55:01 - [TEST_STEP][PASSED] - takeScreenshot(): Screenshot is taken

2023-03-22 13:55:01 - [MESSAGE][PASSED] - Screenshot is taken
[[ATTACHMENT|/Users/mosaj/Documents/GitHub/SP12D12CShowcase/Reports/20230322_135331/TS_MAE/MAE_TS3/20230322_135333/1679464501073.png]]

2023-03-22 13:55:01 - [TEST_STEP][PASSED] - tap(findTestObject("Object Repository/MAE PayBills/android.widget.TextView - Share Receipt"), 0): Tapped on element 'Object Repository/MAE PayBills/android.widget.TextView - Share Receipt'

2023-03-22 13:55:01 - [MESSAGE][WARNING] - Timeout '0' is invalid. Using default page load timeout: '30'

2023-03-22 13:55:01 - [MESSAGE][PASSED] - Tapped on element 'Object Repository/MAE PayBills/android.widget.TextView - Share Receipt'

2023-03-22 13:55:01 - [TEST_STEP][PASSED] - delay(10): Delayed 10 second(s)

2023-03-22 13:55:11 - [MESSAGE][PASSED] - Delayed 10 second(s)

2023-03-22 13:55:11 - [TEST_STEP][PASSED] - takeScreenshot(): Screenshot is taken

2023-03-22 13:55:12 - [MESSAGE][PASSED] - Screenshot is taken
[[ATTACHMENT|/Users/mosaj/Documents/GitHub/SP12D12CShowcase/Reports/20230322_135331/TS_MAE/MAE_TS3/20230322_135333/1679464511940.png]]

2023-03-22 13:55:12 - [TEST_STEP][PASSED] - tap(findTestObject("Object Repository/MAE PayBills/android.widget.ImageView (1)"), 0): Tapped on element 'Object Repository/MAE PayBills/android.widget.ImageView (1)'

2023-03-22 13:55:12 - [MESSAGE][WARNING] - Timeout '0' is invalid. Using default page load timeout: '30'

2023-03-22 13:55:12 - [MESSAGE][PASSED] - Tapped on element 'Object Repository/MAE PayBills/android.widget.ImageView (1)'

2023-03-22 13:55:12 - [TEST_STEP][PASSED] - tap(findTestObject("Object Repository/MAE PayBills/android.widget.TextView - Done (1)"), 0): Tapped on element 'Object Repository/MAE PayBills/android.widget.TextView - Done (1)'

2023-03-22 13:55:12 - [MESSAGE][WARNING] - Timeout '0' is invalid. Using default page load timeout: '30'

2023-03-22 13:55:14 - [MESSAGE][PASSED] - Tapped on element 'Object Repository/MAE PayBills/android.widget.TextView - Done (1)'

2023-03-22 13:55:14 - [TEST_STEP][PASSED] - getText(findTestObject("Object Repository/MAE PayBills/android.widget.TextView - Maybank2u"), 0): Text of element 'Object Repository/MAE PayBills/android.widget.TextView - Maybank2u' is: 'Maybank2u'

2023-03-22 13:55:14 - [MESSAGE][WARNING] - Timeout '0' is invalid. Using default page load timeout: '30'

2023-03-22 13:55:16 - [MESSAGE][PASSED] - Text of element 'Object Repository/MAE PayBills/android.widget.TextView - Maybank2u' is: 'Maybank2u'

2023-03-22 13:55:16 - [TEST_STEP][PASSED] - takeScreenshot(): Screenshot is taken

2023-03-22 13:55:17 - [MESSAGE][PASSED] - Screenshot is taken
[[ATTACHMENT|/Users/mosaj/Documents/GitHub/SP12D12CShowcase/Reports/20230322_135331/TS_MAE/MAE_TS3/20230322_135333/1679464516537.png]]

2023-03-22 13:55:17 - [TEST_STEP][PASSED] - tap(findTestObject("MAE PayBills/android.widget.TextView - Maybank2u"), 0): Tapped on element 'Object Repository/MAE PayBills/android.widget.TextView - Maybank2u'

2023-03-22 13:55:17 - [MESSAGE][WARNING] - Timeout '0' is invalid. Using default page load timeout: '30'

2023-03-22 13:55:18 - [MESSAGE][PASSED] - Tapped on element 'Object Repository/MAE PayBills/android.widget.TextView - Maybank2u'

2023-03-22 13:55:18 - [TEST_STEP][PASSED] - tap(findTestObject("Object Repository/MAE PayBills/android.widget.TextView - Savings Account-i"), 0): Tapped on element 'Object Repository/MAE PayBills/android.widget.TextView - Savings Account-i'

2023-03-22 13:55:18 - [MESSAGE][WARNING] - Timeout '0' is invalid. Using default page load timeout: '30'

2023-03-22 13:55:20 - [MESSAGE][PASSED] - Tapped on element 'Object Repository/MAE PayBills/android.widget.TextView - Savings Account-i'

2023-03-22 13:55:20 - [TEST_STEP][PASSED] - getText(findTestObject("Object Repository/MAE PayBills/android.widget.TextView - View Transactions"), 0): Text of element 'Object Repository/MAE PayBills/android.widget.TextView - View Transactions' is: 'View Transactions'

2023-03-22 13:55:20 - [MESSAGE][WARNING] - Timeout '0' is invalid. Using default page load timeout: '30'

2023-03-22 13:55:21 - [MESSAGE][PASSED] - Text of element 'Object Repository/MAE PayBills/android.widget.TextView - View Transactions' is: 'View Transactions'

2023-03-22 13:55:21 - [TEST_STEP][PASSED] - takeScreenshot(): Screenshot is taken

2023-03-22 13:55:22 - [MESSAGE][PASSED] - Screenshot is taken
[[ATTACHMENT|/Users/mosaj/Documents/GitHub/SP12D12CShowcase/Reports/20230322_135331/TS_MAE/MAE_TS3/20230322_135333/1679464521857.png]]

2023-03-22 13:55:22 - [TEST_STEP][PASSED] - tap(findTestObject("MAE PayBills/android.widget.TextView - View Transactions"), 0): Tapped on element 'Object Repository/MAE PayBills/android.widget.TextView - View Transactions'

2023-03-22 13:55:22 - [MESSAGE][WARNING] - Timeout '0' is invalid. Using default page load timeout: '30'

2023-03-22 13:55:23 - [MESSAGE][PASSED] - Tapped on element 'Object Repository/MAE PayBills/android.widget.TextView - View Transactions'

2023-03-22 13:55:23 - [TEST_STEP][PASSED] - delay(5): Delayed 5 second(s)

2023-03-22 13:55:28 - [MESSAGE][PASSED] - Delayed 5 second(s)

2023-03-22 13:55:28 - [TEST_STEP][PASSED] - takeScreenshot(): Screenshot is taken

2023-03-22 13:55:28 - [MESSAGE][PASSED] - Screenshot is taken
[[ATTACHMENT|/Users/mosaj/Documents/GitHub/SP12D12CShowcase/Reports/20230322_135331/TS_MAE/MAE_TS3/20230322_135333/1679464528202.png]]

2023-03-22 13:55:28 - [TEST_STEP][PASSED] - tap(findTestObject("Object Repository/MAE PayBills/android.widget.ImageView (2)"), 0): Tapped on element 'Object Repository/MAE PayBills/android.widget.ImageView (2)'

2023-03-22 13:55:28 - [MESSAGE][WARNING] - Timeout '0' is invalid. Using default page load timeout: '30'

2023-03-22 13:55:29 - [MESSAGE][PASSED] - Tapped on element 'Object Repository/MAE PayBills/android.widget.ImageView (2)'

2023-03-22 13:55:29 - [TEST_STEP][PASSED] - closeApplication(): Close app successfully

2023-03-22 13:55:29 - [MESSAGE][PASSED] - Close app successfully]]></system-out>
         <system-err><![CDATA[]]></system-err>
      </testcase>
      <system-out><![CDATA[2023-03-22 13:53:42 - [TEST_SUITE][PASSED] - MAE_TS3: Test Cases/Mobile TC/MAE Pay Bills - biller]]></system-out>
      <system-err><![CDATA[]]></system-err>
   </testsuite>
</testsuites>
