<?xml version="1.0" encoding="UTF-8"?>
<testsuites name="MAE_TS2" time="114.454" tests="1" failures="0" errors="0">
   <testsuite name="MAE_TS2" tests="1" failures="0" errors="0" time="114.454" skipped="0" timestamp="2023-03-22 13:23:01" hostname="mosaj - localhost" id="Test Suites/TS_MAE/MAE_TS2">
      <properties>
[...]
</properties>
      <testcase name="Test Cases/Mobile TC/MAE Login" time="113.711" classname="Test Cases/Mobile TC/MAE Login" status="PASSED">
         <system-out><![CDATA[2023-03-22 13:23:02 - [TEST_CASE][PASSED] - Test Cases/Mobile TC/MAE Login: Test Cases/Mobile TC/MAE Login

2023-03-22 13:23:03 - [TEST_STEP][NOT_RUN] - startApplication("/users/mosaj/Documents/GitHub/MAE-M2U-TestCloud/MAE.apk", false): NOT_RUN: startApplication("/users/mosaj/Documents/GitHub/MAE-M2U-TestCloud/MAE.apk", false)

2023-03-22 13:23:03 - [MESSAGE][NOT_RUN] - NOT_RUN: startApplication("/users/mosaj/Documents/GitHub/MAE-M2U-TestCloud/MAE.apk", false)

2023-03-22 13:23:03 - [TEST_STEP][PASSED] - startExistingApplication("com.maybank2u.life", CONTINUE_ON_FAILURE): Starting app with application ID: 'com.maybank2u.life'

2023-03-22 13:23:03 - [MESSAGE][INFO] - User set preference: ['appPackage', 'com.maybank2u.life']

2023-03-22 13:23:03 - [MESSAGE][INFO] - User set preference: ['appActivity', 'com.maybank2u.life.MainActivity']

2023-03-22 13:23:03 - [MESSAGE][INFO] - User set preference: ['appWaitActivity', '*']

2023-03-22 13:23:03 - [MESSAGE][INFO] - User set preference: ['noReset', 'true']

2023-03-22 13:23:03 - [MESSAGE][INFO] - User set preference: ['deviceId', 'R5CR704KXSR']

2023-03-22 13:23:03 - [MESSAGE][INFO] - Detected NodeJS location: "/usr/local/bin/node"

2023-03-22 13:23:07 - [MESSAGE][INFO] - Appium server started on port 49,766

2023-03-22 13:23:20 - [MESSAGE][PASSED] - Starting app with application ID: 'com.maybank2u.life'

2023-03-22 13:23:20 - [TEST_STEP][PASSED] - delay(3): Delayed 3 second(s)

2023-03-22 13:23:23 - [MESSAGE][PASSED] - Delayed 3 second(s)

2023-03-22 13:23:23 - [TEST_STEP][PASSED] - takeScreenshot(): Screenshot is taken

2023-03-22 13:23:24 - [MESSAGE][PASSED] - Screenshot is taken
[[ATTACHMENT|/Users/mosaj/Documents/GitHub/SP12D12CShowcase/Reports/20230322_132250/TS_MAE/MAE_TS2/20230322_132253/1679462603237.png]]

2023-03-22 13:23:24 - [TEST_STEP][PASSED] - getText(findTestObject("Object Repository/MAE Transfer/android.widget.TextView - Maybank2u"), 0): Text of element 'Object Repository/MAE Transfer/android.widget.TextView - Maybank2u' is: 'Maybank2u'

2023-03-22 13:23:24 - [MESSAGE][WARNING] - Timeout '0' is invalid. Using default page load timeout: '30'

2023-03-22 13:23:25 - [MESSAGE][PASSED] - Text of element 'Object Repository/MAE Transfer/android.widget.TextView - Maybank2u' is: 'Maybank2u'

2023-03-22 13:23:25 - [TEST_STEP][PASSED] - tap(findTestObject("Object Repository/MAE Transfer/android.widget.TextView - Maybank2u"), 0): Tapped on element 'Object Repository/MAE Transfer/android.widget.TextView - Maybank2u'

2023-03-22 13:23:25 - [MESSAGE][WARNING] - Timeout '0' is invalid. Using default page load timeout: '30'

2023-03-22 13:23:26 - [MESSAGE][PASSED] - Tapped on element 'Object Repository/MAE Transfer/android.widget.TextView - Maybank2u'

2023-03-22 13:23:26 - [TEST_STEP][PASSED] - getText(findTestObject("Object Repository/MAE Transfer/android.widget.TextView - Enter your 6-digit PIN"), 0): Text of element 'Object Repository/MAE Transfer/android.widget.TextView - Enter your 6-digit PIN' is: 'Enter your 6-digit PIN'

2023-03-22 13:23:26 - [MESSAGE][WARNING] - Timeout '0' is invalid. Using default page load timeout: '30'

2023-03-22 13:23:28 - [MESSAGE][PASSED] - Text of element 'Object Repository/MAE Transfer/android.widget.TextView - Enter your 6-digit PIN' is: 'Enter your 6-digit PIN'

2023-03-22 13:23:28 - [TEST_STEP][PASSED] - takeScreenshot(): Screenshot is taken

2023-03-22 13:23:28 - [MESSAGE][PASSED] - Screenshot is taken
[[ATTACHMENT|/Users/mosaj/Documents/GitHub/SP12D12CShowcase/Reports/20230322_132250/TS_MAE/MAE_TS2/20230322_132253/1679462608509.png]]

2023-03-22 13:23:28 - [TEST_STEP][PASSED] - tap(findTestObject("Object Repository/MAE Transfer/android.widget.TextView - 1"), 0): Tapped on element 'Object Repository/MAE Transfer/android.widget.TextView - 1'

2023-03-22 13:23:29 - [MESSAGE][WARNING] - Timeout '0' is invalid. Using default page load timeout: '30'

2023-03-22 13:23:29 - [MESSAGE][PASSED] - Tapped on element 'Object Repository/MAE Transfer/android.widget.TextView - 1'

2023-03-22 13:23:29 - [TEST_STEP][PASSED] - tap(findTestObject("Object Repository/MAE Transfer/android.widget.TextView - 1"), 0): Tapped on element 'Object Repository/MAE Transfer/android.widget.TextView - 1'

2023-03-22 13:23:30 - [MESSAGE][WARNING] - Timeout '0' is invalid. Using default page load timeout: '30'

2023-03-22 13:23:31 - [MESSAGE][PASSED] - Tapped on element 'Object Repository/MAE Transfer/android.widget.TextView - 1'

2023-03-22 13:23:31 - [TEST_STEP][PASSED] - tap(findTestObject("Object Repository/MAE Transfer/android.widget.TextView - 1"), 0): Tapped on element 'Object Repository/MAE Transfer/android.widget.TextView - 1'

2023-03-22 13:23:31 - [MESSAGE][WARNING] - Timeout '0' is invalid. Using default page load timeout: '30'

2023-03-22 13:23:33 - [MESSAGE][PASSED] - Tapped on element 'Object Repository/MAE Transfer/android.widget.TextView - 1'

2023-03-22 13:23:33 - [TEST_STEP][PASSED] - tap(findTestObject("Object Repository/MAE Transfer/android.widget.TextView - 1"), 0): Tapped on element 'Object Repository/MAE Transfer/android.widget.TextView - 1'

2023-03-22 13:23:33 - [MESSAGE][WARNING] - Timeout '0' is invalid. Using default page load timeout: '30'

2023-03-22 13:23:35 - [MESSAGE][PASSED] - Tapped on element 'Object Repository/MAE Transfer/android.widget.TextView - 1'

2023-03-22 13:23:35 - [TEST_STEP][PASSED] - tap(findTestObject("Object Repository/MAE Transfer/android.widget.TextView - 1"), 0): Tapped on element 'Object Repository/MAE Transfer/android.widget.TextView - 1'

2023-03-22 13:23:35 - [MESSAGE][WARNING] - Timeout '0' is invalid. Using default page load timeout: '30'

2023-03-22 13:23:37 - [MESSAGE][PASSED] - Tapped on element 'Object Repository/MAE Transfer/android.widget.TextView - 1'

2023-03-22 13:23:37 - [TEST_STEP][PASSED] - tap(findTestObject("Object Repository/MAE Transfer/android.widget.TextView - 1"), 0): Tapped on element 'Object Repository/MAE Transfer/android.widget.TextView - 1'

2023-03-22 13:23:37 - [MESSAGE][WARNING] - Timeout '0' is invalid. Using default page load timeout: '30'

2023-03-22 13:23:39 - [MESSAGE][PASSED] - Tapped on element 'Object Repository/MAE Transfer/android.widget.TextView - 1'

2023-03-22 13:23:39 - [TEST_STEP][PASSED] - getText(findTestObject("Object Repository/MAE Transfer/android.widget.TextView - Total Balance"), 0): Text of element 'Object Repository/MAE Transfer/android.widget.TextView - Total Balance' is: 'Total Balance'

2023-03-22 13:23:39 - [MESSAGE][WARNING] - Timeout '0' is invalid. Using default page load timeout: '30'

2023-03-22 13:23:42 - [MESSAGE][PASSED] - Text of element 'Object Repository/MAE Transfer/android.widget.TextView - Total Balance' is: 'Total Balance'

2023-03-22 13:23:42 - [TEST_STEP][PASSED] - getText(findTestObject("Object Repository/MAE Transfer/android.widget.TextView - Savings Account-i"), 0): Text of element 'Object Repository/MAE Transfer/android.widget.TextView - Savings Account-i' is: 'Savings Account-i'

2023-03-22 13:23:42 - [MESSAGE][WARNING] - Timeout '0' is invalid. Using default page load timeout: '30'

2023-03-22 13:23:43 - [MESSAGE][PASSED] - Text of element 'Object Repository/MAE Transfer/android.widget.TextView - Savings Account-i' is: 'Savings Account-i'

2023-03-22 13:23:43 - [TEST_STEP][PASSED] - takeScreenshot(): Screenshot is taken

2023-03-22 13:23:43 - [MESSAGE][PASSED] - Screenshot is taken
[[ATTACHMENT|/Users/mosaj/Documents/GitHub/SP12D12CShowcase/Reports/20230322_132250/TS_MAE/MAE_TS2/20230322_132253/1679462623127.png]]

2023-03-22 13:23:43 - [TEST_STEP][PASSED] - tap(findTestObject("Object Repository/MAE Transfer/android.widget.TextView - Savings Account-i"), 0): Tapped on element 'Object Repository/MAE Transfer/android.widget.TextView - Savings Account-i'

2023-03-22 13:23:43 - [MESSAGE][WARNING] - Timeout '0' is invalid. Using default page load timeout: '30'

2023-03-22 13:23:44 - [MESSAGE][PASSED] - Tapped on element 'Object Repository/MAE Transfer/android.widget.TextView - Savings Account-i'

2023-03-22 13:23:44 - [TEST_STEP][PASSED] - getText(findTestObject("Object Repository/MAE Transfer/android.widget.TextView - View Transactions"), 0): Text of element 'Object Repository/MAE Transfer/android.widget.TextView - View Transactions' is: 'View Transactions'

2023-03-22 13:23:44 - [MESSAGE][WARNING] - Timeout '0' is invalid. Using default page load timeout: '30'

2023-03-22 13:23:46 - [MESSAGE][PASSED] - Text of element 'Object Repository/MAE Transfer/android.widget.TextView - View Transactions' is: 'View Transactions'

2023-03-22 13:23:46 - [TEST_STEP][PASSED] - getText(findTestObject("Object Repository/MAE Transfer/android.widget.TextView - Transfer"), 0): Text of element 'Object Repository/MAE Transfer/android.widget.TextView - Transfer' is: 'Transfer'

2023-03-22 13:23:46 - [MESSAGE][WARNING] - Timeout '0' is invalid. Using default page load timeout: '30'

2023-03-22 13:23:46 - [MESSAGE][PASSED] - Text of element 'Object Repository/MAE Transfer/android.widget.TextView - Transfer' is: 'Transfer'

2023-03-22 13:23:46 - [TEST_STEP][PASSED] - tap(findTestObject("Object Repository/MAE Transfer/android.widget.TextView - Transfer"), 0): Tapped on element 'Object Repository/MAE Transfer/android.widget.TextView - Transfer'

2023-03-22 13:23:46 - [MESSAGE][WARNING] - Timeout '0' is invalid. Using default page load timeout: '30'

2023-03-22 13:23:46 - [MESSAGE][PASSED] - Tapped on element 'Object Repository/MAE Transfer/android.widget.TextView - Transfer'

2023-03-22 13:23:46 - [TEST_STEP][PASSED] - takeScreenshot(): Screenshot is taken

2023-03-22 13:23:47 - [MESSAGE][PASSED] - Screenshot is taken
[[ATTACHMENT|/Users/mosaj/Documents/GitHub/SP12D12CShowcase/Reports/20230322_132250/TS_MAE/MAE_TS2/20230322_132253/1679462626823.png]]

2023-03-22 13:23:47 - [TEST_STEP][NOT_RUN] - setText(findTestObject("MAE Transfer/android.widget.EditText - M2U password"), findTestData("DevOps").getValue(2, 1), 0): NOT_RUN: setText(findTestObject("MAE Transfer/android.widget.EditText - M2U password"), findTestData("DevOps").getValue(2, 1), 0)

2023-03-22 13:23:47 - [MESSAGE][NOT_RUN] - NOT_RUN: setText(findTestObject("MAE Transfer/android.widget.EditText - M2U password"), findTestData("DevOps").getValue(2, 1), 0)

2023-03-22 13:23:47 - [TEST_STEP][NOT_RUN] - hideKeyboard(): NOT_RUN: hideKeyboard()

2023-03-22 13:23:47 - [MESSAGE][NOT_RUN] - NOT_RUN: hideKeyboard()

2023-03-22 13:23:47 - [TEST_STEP][NOT_RUN] - tap(findTestObject("MAE Transfer/android.widget.TextView - Continue"), 0): NOT_RUN: tap(findTestObject("MAE Transfer/android.widget.TextView - Continue"), 0)

2023-03-22 13:23:47 - [MESSAGE][NOT_RUN] - NOT_RUN: tap(findTestObject("MAE Transfer/android.widget.TextView - Continue"), 0)

2023-03-22 13:23:47 - [TEST_STEP][PASSED] - delay(5): Delayed 5 second(s)

2023-03-22 13:23:52 - [MESSAGE][PASSED] - Delayed 5 second(s)

2023-03-22 13:23:52 - [TEST_STEP][PASSED] - takeScreenshot(): Screenshot is taken

2023-03-22 13:23:53 - [MESSAGE][PASSED] - Screenshot is taken
[[ATTACHMENT|/Users/mosaj/Documents/GitHub/SP12D12CShowcase/Reports/20230322_132250/TS_MAE/MAE_TS2/20230322_132253/1679462632522.png]]

2023-03-22 13:23:53 - [TEST_STEP][NOT_RUN] - tap(findTestObject("Object Repository/MAE Transfer/android.widget.TextView - MAE"), 0): NOT_RUN: tap(findTestObject("Object Repository/MAE Transfer/android.widget.TextView - MAE"), 0)

2023-03-22 13:23:53 - [MESSAGE][NOT_RUN] - NOT_RUN: tap(findTestObject("Object Repository/MAE Transfer/android.widget.TextView - MAE"), 0)

2023-03-22 13:23:53 - [TEST_STEP][PASSED] - getText(findTestObject("Object Repository/MAE Transfer/android.widget.TextView - Enter amount"), 0): Text of element 'Object Repository/MAE Transfer/android.widget.TextView - Enter amount' is: 'Enter amount'

2023-03-22 13:23:54 - [MESSAGE][WARNING] - Timeout '0' is invalid. Using default page load timeout: '30'

2023-03-22 13:24:00 - [MESSAGE][PASSED] - Text of element 'Object Repository/MAE Transfer/android.widget.TextView - Enter amount' is: 'Enter amount'

2023-03-22 13:24:00 - [TEST_STEP][PASSED] - tap(findTestObject("Object Repository/MAE Transfer/android.widget.TextView - 1 (1)"), 0): Tapped on element 'Object Repository/MAE Transfer/android.widget.TextView - 1 (1)'

2023-03-22 13:24:00 - [MESSAGE][WARNING] - Timeout '0' is invalid. Using default page load timeout: '30'

2023-03-22 13:24:00 - [MESSAGE][PASSED] - Tapped on element 'Object Repository/MAE Transfer/android.widget.TextView - 1 (1)'

2023-03-22 13:24:00 - [TEST_STEP][PASSED] - takeScreenshot(): Screenshot is taken

2023-03-22 13:24:01 - [MESSAGE][PASSED] - Screenshot is taken
[[ATTACHMENT|/Users/mosaj/Documents/GitHub/SP12D12CShowcase/Reports/20230322_132250/TS_MAE/MAE_TS2/20230322_132253/1679462640547.png]]

2023-03-22 13:24:01 - [TEST_STEP][PASSED] - tap(findTestObject("Object Repository/MAE Transfer/android.widget.ImageView"), 0): Tapped on element 'Object Repository/MAE Transfer/android.widget.ImageView'

2023-03-22 13:24:01 - [MESSAGE][WARNING] - Timeout '0' is invalid. Using default page load timeout: '30'

2023-03-22 13:24:01 - [MESSAGE][PASSED] - Tapped on element 'Object Repository/MAE Transfer/android.widget.ImageView'

2023-03-22 13:24:01 - [TEST_STEP][PASSED] - getText(findTestObject("Object Repository/MAE Transfer/android.widget.TextView - Enter recipient reference"), 0): Text of element 'Object Repository/MAE Transfer/android.widget.TextView - Enter recipient reference' is: 'Enter recipient reference'

2023-03-22 13:24:01 - [MESSAGE][WARNING] - Timeout '0' is invalid. Using default page load timeout: '30'

2023-03-22 13:24:02 - [MESSAGE][PASSED] - Text of element 'Object Repository/MAE Transfer/android.widget.TextView - Enter recipient reference' is: 'Enter recipient reference'

2023-03-22 13:24:02 - [TEST_STEP][PASSED] - setText(findTestObject("Object Repository/MAE Transfer/android.widget.EditText"), "self transfer", 0): Text 'self transfer' has been set to element 'Object Repository/MAE Transfer/android.widget.EditText'

2023-03-22 13:24:02 - [MESSAGE][WARNING] - Timeout '0' is invalid. Using default page load timeout: '30'

2023-03-22 13:24:04 - [MESSAGE][PASSED] - Text 'self transfer' has been set to element 'Object Repository/MAE Transfer/android.widget.EditText'

2023-03-22 13:24:04 - [TEST_STEP][PASSED] - takeScreenshot("C:\Users\00123955\git\screenshot\MAE\7.png", CONTINUE_ON_FAILURE): Screenshot is taken

2023-03-22 13:24:04 - [MESSAGE][PASSED] - Screenshot is taken
[[ATTACHMENT|/Users/mosaj/Documents/GitHub/SP12D12CShowcase/Reports/20230322_132250/TS_MAE/MAE_TS2/20230322_132253/C:\\Users\\00123955\\git\\screenshot\\MAE\\7.png]]

2023-03-22 13:24:04 - [TEST_STEP][PASSED] - hideKeyboard(): Keyboard is hidden

2023-03-22 13:24:05 - [MESSAGE][PASSED] - Keyboard is hidden

2023-03-22 13:24:05 - [TEST_STEP][PASSED] - tap(findTestObject("Object Repository/MAE Transfer/android.widget.TextView - Continue (1)"), 0): Tapped on element 'Object Repository/MAE Transfer/android.widget.TextView - Continue (1)'

2023-03-22 13:24:06 - [MESSAGE][WARNING] - Timeout '0' is invalid. Using default page load timeout: '30'

2023-03-22 13:24:06 - [MESSAGE][PASSED] - Tapped on element 'Object Repository/MAE Transfer/android.widget.TextView - Continue (1)'

2023-03-22 13:24:06 - [TEST_STEP][PASSED] - getText(findTestObject("Object Repository/MAE Transfer/android.widget.TextView - Transfer Now"), 0): Text of element 'Object Repository/MAE Transfer/android.widget.TextView - Transfer Now' is: 'Transfer Now'

2023-03-22 13:24:06 - [MESSAGE][WARNING] - Timeout '0' is invalid. Using default page load timeout: '30'

2023-03-22 13:24:30 - [MESSAGE][PASSED] - Text of element 'Object Repository/MAE Transfer/android.widget.TextView - Transfer Now' is: 'Transfer Now'

2023-03-22 13:24:30 - [TEST_STEP][PASSED] - tap(findTestObject("MAE Transfer/android.widget.TextView - Transfer Now"), 0): Tapped on element 'Object Repository/MAE Transfer/android.widget.TextView - Transfer Now'

2023-03-22 13:24:30 - [MESSAGE][WARNING] - Timeout '0' is invalid. Using default page load timeout: '30'

2023-03-22 13:24:32 - [MESSAGE][PASSED] - Tapped on element 'Object Repository/MAE Transfer/android.widget.TextView - Transfer Now'

2023-03-22 13:24:32 - [TEST_STEP][PASSED] - takeScreenshot(): Screenshot is taken

2023-03-22 13:24:33 - [MESSAGE][PASSED] - Screenshot is taken
[[ATTACHMENT|/Users/mosaj/Documents/GitHub/SP12D12CShowcase/Reports/20230322_132250/TS_MAE/MAE_TS2/20230322_132253/1679462672855.png]]

2023-03-22 13:24:33 - [TEST_STEP][PASSED] - getText(findTestObject("Object Repository/MAE Transfer/android.widget.TextView - Transfer successful"), 0): Text of element 'Object Repository/MAE Transfer/android.widget.TextView - Transfer successful' is: 'Transfer successful'

2023-03-22 13:24:33 - [MESSAGE][WARNING] - Timeout '0' is invalid. Using default page load timeout: '30'

2023-03-22 13:24:35 - [MESSAGE][PASSED] - Text of element 'Object Repository/MAE Transfer/android.widget.TextView - Transfer successful' is: 'Transfer successful'

2023-03-22 13:24:35 - [TEST_STEP][PASSED] - takeScreenshot(): Screenshot is taken

2023-03-22 13:24:36 - [MESSAGE][PASSED] - Screenshot is taken
[[ATTACHMENT|/Users/mosaj/Documents/GitHub/SP12D12CShowcase/Reports/20230322_132250/TS_MAE/MAE_TS2/20230322_132253/1679462675645.png]]

2023-03-22 13:24:36 - [TEST_STEP][PASSED] - getText(findTestObject("Object Repository/MAE Transfer/android.widget.TextView - 501652585M"), 0): Text of element 'Object Repository/MAE Transfer/android.widget.TextView - 501652585M' is: '984191563M'

2023-03-22 13:24:36 - [MESSAGE][WARNING] - Timeout '0' is invalid. Using default page load timeout: '30'

2023-03-22 13:24:36 - [MESSAGE][PASSED] - Text of element 'Object Repository/MAE Transfer/android.widget.TextView - 501652585M' is: '984191563M'

2023-03-22 13:24:36 - [TEST_STEP][PASSED] - tap(findTestObject("Object Repository/MAE Transfer/android.widget.TextView - Share Receipt"), 0): Tapped on element 'Object Repository/MAE Transfer/android.widget.TextView - Share Receipt'

2023-03-22 13:24:36 - [MESSAGE][WARNING] - Timeout '0' is invalid. Using default page load timeout: '30'

2023-03-22 13:24:36 - [MESSAGE][PASSED] - Tapped on element 'Object Repository/MAE Transfer/android.widget.TextView - Share Receipt'

2023-03-22 13:24:36 - [TEST_STEP][PASSED] - getText(findTestObject("Object Repository/MAE Transfer/android.widget.TextView - Successful"), 0): Text of element 'Object Repository/MAE Transfer/android.widget.TextView - Successful' is: 'Successful'

2023-03-22 13:24:37 - [MESSAGE][WARNING] - Timeout '0' is invalid. Using default page load timeout: '30'

2023-03-22 13:24:38 - [MESSAGE][PASSED] - Text of element 'Object Repository/MAE Transfer/android.widget.TextView - Successful' is: 'Successful'

2023-03-22 13:24:38 - [TEST_STEP][PASSED] - delay(10): Delayed 10 second(s)

2023-03-22 13:24:48 - [MESSAGE][PASSED] - Delayed 10 second(s)

2023-03-22 13:24:48 - [TEST_STEP][PASSED] - takeScreenshot(): Screenshot is taken

2023-03-22 13:24:48 - [MESSAGE][PASSED] - Screenshot is taken
[[ATTACHMENT|/Users/mosaj/Documents/GitHub/SP12D12CShowcase/Reports/20230322_132250/TS_MAE/MAE_TS2/20230322_132253/1679462688479.png]]

2023-03-22 13:24:48 - [TEST_STEP][PASSED] - tap(findTestObject("Object Repository/MAE Transfer/android.widget.ImageView (1)"), 0): Tapped on element 'Object Repository/MAE Transfer/android.widget.ImageView (1)'

2023-03-22 13:24:49 - [MESSAGE][WARNING] - Timeout '0' is invalid. Using default page load timeout: '30'

2023-03-22 13:24:49 - [MESSAGE][PASSED] - Tapped on element 'Object Repository/MAE Transfer/android.widget.ImageView (1)'

2023-03-22 13:24:49 - [TEST_STEP][PASSED] - getText(findTestObject("Object Repository/MAE Transfer/android.widget.TextView - Done"), 0): Text of element 'Object Repository/MAE Transfer/android.widget.TextView - Done' is: 'Done'

2023-03-22 13:24:49 - [MESSAGE][WARNING] - Timeout '0' is invalid. Using default page load timeout: '30'

2023-03-22 13:24:50 - [MESSAGE][PASSED] - Text of element 'Object Repository/MAE Transfer/android.widget.TextView - Done' is: 'Done'

2023-03-22 13:24:50 - [TEST_STEP][PASSED] - tap(findTestObject("MAE Transfer/android.widget.TextView - Done"), 0): Tapped on element 'Object Repository/MAE Transfer/android.widget.TextView - Done'

2023-03-22 13:24:50 - [MESSAGE][WARNING] - Timeout '0' is invalid. Using default page load timeout: '30'

2023-03-22 13:24:50 - [MESSAGE][PASSED] - Tapped on element 'Object Repository/MAE Transfer/android.widget.TextView - Done'

2023-03-22 13:24:50 - [TEST_STEP][PASSED] - delay(5): Delayed 5 second(s)

2023-03-22 13:24:55 - [MESSAGE][PASSED] - Delayed 5 second(s)

2023-03-22 13:24:55 - [TEST_STEP][PASSED] - closeApplication(): Close app successfully

2023-03-22 13:24:56 - [MESSAGE][PASSED] - Close app successfully]]></system-out>
         <system-err><![CDATA[]]></system-err>
      </testcase>
      <system-out><![CDATA[2023-03-22 13:23:01 - [TEST_SUITE][PASSED] - MAE_TS2: Test Cases/Mobile TC/MAE Login]]></system-out>
      <system-err><![CDATA[]]></system-err>
   </testsuite>
</testsuites>
